<?xml version="1.0" encoding="UTF-8"?>
<!-- Generated by org.testng.reporters.JUnitReportReporter -->
<testsuite skipped="0" hostname="ADLP090_abhishek" name="sample.test.BookingTest" tests="2" failures="0" timestamp="18 Apr 2017 10:25:00 GMT" time="0.009" errors="0">
  <testcase name="bookOrder" time="0.007" classname="sample.test.BookingTest"/>
  <testcase name="checkWebOrderTest" time="0.002" classname="sample.test.BookingTest"/>
</testsuite> <!-- sample.test.BookingTest -->
